07-Feb-2025 20:28:34.116 INFO [main] org.apache.catalina.startup.VersionLoggerListener.log Server version name:   Apache Tomcat/11.0.0
07-Feb-2025 20:28:34.118 INFO [main] org.apache.catalina.startup.VersionLoggerListener.log Server built:          Oct 3 2024 17:00:16 UTC
07-Feb-2025 20:28:34.118 INFO [main] org.apache.catalina.startup.VersionLoggerListener.log Server version number: 11.0.0.0
07-Feb-2025 20:28:34.118 INFO [main] org.apache.catalina.startup.VersionLoggerListener.log OS Name:               Mac OS X
07-Feb-2025 20:28:34.118 INFO [main] org.apache.catalina.startup.VersionLoggerListener.log OS Version:            15.3
07-Feb-2025 20:28:34.119 INFO [main] org.apache.catalina.startup.VersionLoggerListener.log Architecture:          aarch64
07-Feb-2025 20:28:34.119 INFO [main] org.apache.catalina.startup.VersionLoggerListener.log Java Home:             /Users/sriman/.gradle/jdks/eclipse_adoptium-20-aarch64-os_x/jdk-20.0.2+9/Contents/Home
07-Feb-2025 20:28:34.119 INFO [main] org.apache.catalina.startup.VersionLoggerListener.log JVM Version:           20.0.2+9
07-Feb-2025 20:28:34.119 INFO [main] org.apache.catalina.startup.VersionLoggerListener.log JVM Vendor:            Eclipse Adoptium
07-Feb-2025 20:28:34.119 INFO [main] org.apache.catalina.startup.VersionLoggerListener.log CATALINA_BASE:         /Users/sriman/scratch/labs/spring/202407/webmvc
07-Feb-2025 20:28:34.119 INFO [main] org.apache.catalina.startup.VersionLoggerListener.log CATALINA_HOME:         /Users/sriman/scratch/middleware/apache-tomcat-11.0.0
07-Feb-2025 20:28:34.128 INFO [main] org.apache.catalina.startup.VersionLoggerListener.log Command line argument: --add-opens=java.base/java.lang=ALL-UNNAMED
07-Feb-2025 20:28:34.128 INFO [main] org.apache.catalina.startup.VersionLoggerListener.log Command line argument: --add-opens=java.base/java.io=ALL-UNNAMED
07-Feb-2025 20:28:34.128 INFO [main] org.apache.catalina.startup.VersionLoggerListener.log Command line argument: --add-opens=java.base/java.util=ALL-UNNAMED
07-Feb-2025 20:28:34.128 INFO [main] org.apache.catalina.startup.VersionLoggerListener.log Command line argument: --add-opens=java.base/java.util.concurrent=ALL-UNNAMED
07-Feb-2025 20:28:34.128 INFO [main] org.apache.catalina.startup.VersionLoggerListener.log Command line argument: --add-opens=java.rmi/sun.rmi.transport=ALL-UNNAMED
07-Feb-2025 20:28:34.128 INFO [main] org.apache.catalina.startup.VersionLoggerListener.log Command line argument: -agentlib:jdwp=transport=dt_socket,address=127.0.0.1:49532,suspend=y,server=n
07-Feb-2025 20:28:34.128 INFO [main] org.apache.catalina.startup.VersionLoggerListener.log Command line argument: -Dcatalina.home=/Users/sriman/scratch/middleware/apache-tomcat-11.0.0
07-Feb-2025 20:28:34.128 INFO [main] org.apache.catalina.startup.VersionLoggerListener.log Command line argument: -Dcatalina.base=/Users/sriman/scratch/labs/spring/202407/webmvc
07-Feb-2025 20:28:34.128 INFO [main] org.apache.catalina.startup.VersionLoggerListener.log Command line argument: -Djava.io.tmpdir=/Users/sriman/scratch/labs/spring/202407/webmvc/temp
07-Feb-2025 20:28:34.128 INFO [main] org.apache.catalina.startup.VersionLoggerListener.log Command line argument: -Djava.util.logging.config.file=/Users/sriman/scratch/labs/spring/202407/webmvc/conf/logging.properties
07-Feb-2025 20:28:34.128 INFO [main] org.apache.catalina.startup.VersionLoggerListener.log Command line argument: -Djava.util.logging.manager=org.apache.juli.ClassLoaderLogManager
07-Feb-2025 20:28:34.128 INFO [main] org.apache.catalina.startup.VersionLoggerListener.log Command line argument: -javaagent:/Users/sriman/Library/Caches/JetBrains/IdeaIC2024.1/captureAgent/debugger-agent.jar
07-Feb-2025 20:28:34.128 INFO [main] org.apache.catalina.startup.VersionLoggerListener.log Command line argument: -Dfile.encoding=UTF-8
07-Feb-2025 20:28:34.128 INFO [main] org.apache.catalina.startup.VersionLoggerListener.log Command line argument: -Dsun.stdout.encoding=UTF-8
07-Feb-2025 20:28:34.128 INFO [main] org.apache.catalina.startup.VersionLoggerListener.log Command line argument: -Dsun.stderr.encoding=UTF-8
07-Feb-2025 20:28:34.135 INFO [main] org.apache.catalina.core.AprLifecycleListener.lifecycleEvent The Apache Tomcat Native library which allows using OpenSSL was not found on the java.library.path: [/Users/sriman/Library/Java/Extensions:/Library/Java/Extensions:/Network/Library/Java/Extensions:/System/Library/Java/Extensions:/usr/lib/java:.]
07-Feb-2025 20:28:34.281 INFO [main] org.apache.coyote.AbstractProtocol.init Initializing ProtocolHandler ["http-nio-8080"]
07-Feb-2025 20:28:34.299 INFO [main] org.apache.catalina.startup.Catalina.load Server initialization in [273] milliseconds
07-Feb-2025 20:28:34.319 INFO [main] org.apache.catalina.core.StandardService.startInternal Starting service [Catalina]
07-Feb-2025 20:28:34.319 INFO [main] org.apache.catalina.core.StandardEngine.startInternal Starting Servlet engine: [Apache Tomcat/11.0.0]
07-Feb-2025 20:28:34.323 INFO [main] org.apache.catalina.startup.HostConfig.deployDescriptor Deploying deployment descriptor [/Users/sriman/scratch/labs/spring/202407/webmvc/conf/Catalina/localhost/contenthandlers.xml]
07-Feb-2025 20:28:34.921 INFO [main] org.apache.jasper.servlet.TldScanner.scanJars At least one JAR was scanned for TLDs yet contained no TLDs. Enable debug logging for this logger for a complete list of JARs that were scanned but no TLDs were found in them. Skipping unneeded JARs during scanning can improve startup time and JSP compilation time.
07-Feb-2025 20:28:35.142 WARNING [main] org.glassfish.jersey.message.internal.MessagingBinders$EnabledProvidersBinder.bindToBinder A class jakarta.activation.DataSource for a default provider MessageBodyWriter<jakarta.activation.DataSource> was not found. The provider is not available.
07-Feb-2025 20:28:35.156 WARNING [main] org.glassfish.jersey.server.wadl.WadlFeature.configure JAX-B API not found . WADL feature is disabled.
07-Feb-2025 20:28:35.312 INFO [main] org.apache.catalina.startup.HostConfig.deployDescriptor Deployment of deployment descriptor [/Users/sriman/scratch/labs/spring/202407/webmvc/conf/Catalina/localhost/contenthandlers.xml] has finished in [988] ms
07-Feb-2025 20:28:35.312 INFO [main] org.apache.catalina.startup.HostConfig.deployDescriptor Deploying deployment descriptor [/Users/sriman/scratch/labs/spring/202407/webmvc/conf/Catalina/localhost/bookstore.xml]
07-Feb-2025 20:28:35.504 INFO [main] org.apache.jasper.servlet.TldScanner.scanJars At least one JAR was scanned for TLDs yet contained no TLDs. Enable debug logging for this logger for a complete list of JARs that were scanned but no TLDs were found in them. Skipping unneeded JARs during scanning can improve startup time and JSP compilation time.
07-Feb-2025 20:28:35.513 INFO [main] org.apache.catalina.startup.HostConfig.deployDescriptor Deployment of deployment descriptor [/Users/sriman/scratch/labs/spring/202407/webmvc/conf/Catalina/localhost/bookstore.xml] has finished in [201] ms
07-Feb-2025 20:28:35.513 INFO [main] org.apache.catalina.startup.HostConfig.deployDescriptor Deploying deployment descriptor [/Users/sriman/scratch/labs/spring/202407/webmvc/conf/Catalina/localhost/resteasyinsurance.xml]
07-Feb-2025 20:28:35.778 INFO [main] org.apache.jasper.servlet.TldScanner.scanJars At least one JAR was scanned for TLDs yet contained no TLDs. Enable debug logging for this logger for a complete list of JARs that were scanned but no TLDs were found in them. Skipping unneeded JARs during scanning can improve startup time and JSP compilation time.
07-Feb-2025 20:28:35.859 INFO [main] org.jboss.resteasy.core.ResteasyDeploymentImpl.processApplication RESTEASY002225: Deploying jakarta.ws.rs.core.Application: class com.rein.init.InsuranceApplication
07-Feb-2025 20:28:35.860 WARN [main] org.jboss.resteasy.core.providerfactory.ResteasyProviderFactoryImpl.registerProvider RESTEASY002155: Provider class org.jboss.resteasy.plugins.providers.ByteArrayProvider is already registered.  2nd registration is being ignored.
07-Feb-2025 20:28:35.860 WARN [main] org.jboss.resteasy.core.providerfactory.ResteasyProviderFactoryImpl.registerProvider RESTEASY002155: Provider class org.jboss.resteasy.plugins.providers.DefaultBooleanWriter is already registered.  2nd registration is being ignored.
07-Feb-2025 20:28:35.860 WARN [main] org.jboss.resteasy.core.providerfactory.ResteasyProviderFactoryImpl.registerProvider RESTEASY002155: Provider class org.jboss.resteasy.plugins.providers.DocumentProvider is already registered.  2nd registration is being ignored.
07-Feb-2025 20:28:35.860 WARN [main] org.jboss.resteasy.core.providerfactory.ResteasyProviderFactoryImpl.registerProvider RESTEASY002155: Provider class org.jboss.resteasy.plugins.providers.ReaderProvider is already registered.  2nd registration is being ignored.
07-Feb-2025 20:28:35.860 WARN [main] org.jboss.resteasy.core.providerfactory.ResteasyProviderFactoryImpl.registerProvider RESTEASY002155: Provider class org.jboss.resteasy.plugins.providers.MultiValuedParamConverterProvider is already registered.  2nd registration is being ignored.
07-Feb-2025 20:28:35.860 WARN [main] org.jboss.resteasy.core.providerfactory.ResteasyProviderFactoryImpl.registerProvider RESTEASY002155: Provider class org.jboss.resteasy.plugins.providers.SourceProvider is already registered.  2nd registration is being ignored.
07-Feb-2025 20:28:35.860 WARN [main] org.jboss.resteasy.core.providerfactory.ResteasyProviderFactoryImpl.registerProvider RESTEASY002155: Provider class org.jboss.resteasy.plugins.providers.DefaultTextPlain is already registered.  2nd registration is being ignored.
07-Feb-2025 20:28:35.860 WARN [main] org.jboss.resteasy.core.providerfactory.ResteasyProviderFactoryImpl.registerProvider RESTEASY002155: Provider class org.jboss.resteasy.plugins.providers.FormUrlEncodedProvider is already registered.  2nd registration is being ignored.
07-Feb-2025 20:28:35.860 WARN [main] org.jboss.resteasy.core.providerfactory.ResteasyProviderFactoryImpl.registerProvider RESTEASY002155: Provider class org.jboss.resteasy.plugins.providers.AsyncStreamingOutputProvider is already registered.  2nd registration is being ignored.
07-Feb-2025 20:28:35.861 WARN [main] org.jboss.resteasy.core.providerfactory.ResteasyProviderFactoryImpl.registerProvider RESTEASY002155: Provider class org.jboss.resteasy.plugins.providers.InputStreamProvider is already registered.  2nd registration is being ignored.
07-Feb-2025 20:28:35.861 WARN [main] org.jboss.resteasy.core.providerfactory.ResteasyProviderFactoryImpl.registerProvider RESTEASY002155: Provider class org.jboss.resteasy.plugins.providers.IIOImageProvider is already registered.  2nd registration is being ignored.
07-Feb-2025 20:28:35.861 WARN [main] org.jboss.resteasy.core.providerfactory.ResteasyProviderFactoryImpl.registerProvider RESTEASY002155: Provider class org.jboss.resteasy.plugins.providers.sse.SseEventProvider is already registered.  2nd registration is being ignored.
07-Feb-2025 20:28:35.861 WARN [main] org.jboss.resteasy.core.providerfactory.ResteasyProviderFactoryImpl.registerProvider RESTEASY002155: Provider class org.jboss.resteasy.plugins.interceptors.MessageSanitizerContainerResponseFilter is already registered.  2nd registration is being ignored.
07-Feb-2025 20:28:35.861 WARN [main] org.jboss.resteasy.core.providerfactory.ResteasyProviderFactoryImpl.registerProvider RESTEASY002155: Provider class org.jboss.resteasy.plugins.providers.StreamingOutputProvider is already registered.  2nd registration is being ignored.
07-Feb-2025 20:28:35.861 WARN [main] org.jboss.resteasy.core.providerfactory.ResteasyProviderFactoryImpl.registerProvider RESTEASY002155: Provider class org.jboss.resteasy.plugins.providers.StringTextStar is already registered.  2nd registration is being ignored.
07-Feb-2025 20:28:35.861 WARN [main] org.jboss.resteasy.core.providerfactory.ResteasyProviderFactoryImpl.registerProvider RESTEASY002155: Provider class org.jboss.resteasy.plugins.providers.DefaultNumberWriter is already registered.  2nd registration is being ignored.
07-Feb-2025 20:28:35.861 WARN [main] org.jboss.resteasy.core.providerfactory.ResteasyProviderFactoryImpl.registerProvider RESTEASY002155: Provider class org.jboss.resteasy.plugins.providers.JaxrsFormProvider is already registered.  2nd registration is being ignored.
07-Feb-2025 20:28:35.861 WARN [main] org.jboss.resteasy.core.providerfactory.ResteasyProviderFactoryImpl.registerProvider RESTEASY002155: Provider class org.jboss.resteasy.plugins.providers.FileProvider is already registered.  2nd registration is being ignored.
07-Feb-2025 20:28:35.861 WARN [main] org.jboss.resteasy.core.providerfactory.ResteasyProviderFactoryImpl.registerProvider RESTEASY002155: Provider class org.jboss.resteasy.plugins.providers.JaxrsServerFormUrlEncodedProvider is already registered.  2nd registration is being ignored.
07-Feb-2025 20:28:35.861 WARN [main] org.jboss.resteasy.core.providerfactory.ResteasyProviderFactoryImpl.registerProvider RESTEASY002155: Provider class org.jboss.resteasy.plugins.providers.sse.SseEventSinkInterceptor is already registered.  2nd registration is being ignored.
07-Feb-2025 20:28:35.862 WARN [main] org.jboss.resteasy.core.providerfactory.ResteasyProviderFactoryImpl.registerProvider RESTEASY002155: Provider class org.jboss.resteasy.plugins.providers.DataSourceProvider is already registered.  2nd registration is being ignored.
07-Feb-2025 20:28:35.862 WARN [main] org.jboss.resteasy.core.providerfactory.ResteasyProviderFactoryImpl.registerProvider RESTEASY002155: Provider class org.jboss.resteasy.plugins.providers.FileRangeWriter is already registered.  2nd registration is being ignored.
07-Feb-2025 20:28:35.881 INFO [main] org.apache.catalina.startup.HostConfig.deployDescriptor Deployment of deployment descriptor [/Users/sriman/scratch/labs/spring/202407/webmvc/conf/Catalina/localhost/resteasyinsurance.xml] has finished in [368] ms
07-Feb-2025 20:28:35.881 INFO [main] org.apache.catalina.startup.HostConfig.deployDescriptor Deploying deployment descriptor [/Users/sriman/scratch/labs/spring/202407/webmvc/conf/Catalina/localhost/resource-injection.xml]
07-Feb-2025 20:28:36.135 INFO [main] org.apache.jasper.servlet.TldScanner.scanJars At least one JAR was scanned for TLDs yet contained no TLDs. Enable debug logging for this logger for a complete list of JARs that were scanned but no TLDs were found in them. Skipping unneeded JARs during scanning can improve startup time and JSP compilation time.
07-Feb-2025 20:28:36.208 INFO [main] org.jboss.resteasy.core.ResteasyDeploymentImpl.processApplication RESTEASY002225: Deploying jakarta.ws.rs.core.Application: class com.ri.boot.ResourceInjectionApplication
07-Feb-2025 20:28:36.209 WARN [main] org.jboss.resteasy.core.providerfactory.ResteasyProviderFactoryImpl.registerProvider RESTEASY002155: Provider class org.jboss.resteasy.plugins.providers.sse.SseEventSinkInterceptor is already registered.  2nd registration is being ignored.
07-Feb-2025 20:28:36.209 WARN [main] org.jboss.resteasy.core.providerfactory.ResteasyProviderFactoryImpl.registerProvider RESTEASY002155: Provider class org.jboss.resteasy.plugins.providers.JaxrsServerFormUrlEncodedProvider is already registered.  2nd registration is being ignored.
07-Feb-2025 20:28:36.209 WARN [main] org.jboss.resteasy.core.providerfactory.ResteasyProviderFactoryImpl.registerProvider RESTEASY002155: Provider class org.jboss.resteasy.plugins.providers.ByteArrayProvider is already registered.  2nd registration is being ignored.
07-Feb-2025 20:28:36.210 WARN [main] org.jboss.resteasy.core.providerfactory.ResteasyProviderFactoryImpl.registerProvider RESTEASY002155: Provider class org.jboss.resteasy.plugins.providers.FormUrlEncodedProvider is already registered.  2nd registration is being ignored.
07-Feb-2025 20:28:36.210 WARN [main] org.jboss.resteasy.core.providerfactory.ResteasyProviderFactoryImpl.registerProvider RESTEASY002155: Provider class org.jboss.resteasy.plugins.interceptors.MessageSanitizerContainerResponseFilter is already registered.  2nd registration is being ignored.
07-Feb-2025 20:28:36.210 WARN [main] org.jboss.resteasy.core.providerfactory.ResteasyProviderFactoryImpl.registerProvider RESTEASY002155: Provider class org.jboss.resteasy.plugins.providers.ReaderProvider is already registered.  2nd registration is being ignored.
07-Feb-2025 20:28:36.210 WARN [main] org.jboss.resteasy.core.providerfactory.ResteasyProviderFactoryImpl.registerProvider RESTEASY002155: Provider class org.jboss.resteasy.plugins.providers.sse.SseEventProvider is already registered.  2nd registration is being ignored.
07-Feb-2025 20:28:36.210 WARN [main] org.jboss.resteasy.core.providerfactory.ResteasyProviderFactoryImpl.registerProvider RESTEASY002155: Provider class org.jboss.resteasy.plugins.providers.DocumentProvider is already registered.  2nd registration is being ignored.
07-Feb-2025 20:28:36.210 WARN [main] org.jboss.resteasy.core.providerfactory.ResteasyProviderFactoryImpl.registerProvider RESTEASY002155: Provider class org.jboss.resteasy.plugins.providers.FileRangeWriter is already registered.  2nd registration is being ignored.
07-Feb-2025 20:28:36.210 WARN [main] org.jboss.resteasy.core.providerfactory.ResteasyProviderFactoryImpl.registerProvider RESTEASY002155: Provider class org.jboss.resteasy.plugins.providers.JaxrsFormProvider is already registered.  2nd registration is being ignored.
07-Feb-2025 20:28:36.210 WARN [main] org.jboss.resteasy.core.providerfactory.ResteasyProviderFactoryImpl.registerProvider RESTEASY002155: Provider class org.jboss.resteasy.plugins.providers.InputStreamProvider is already registered.  2nd registration is being ignored.
07-Feb-2025 20:28:36.210 WARN [main] org.jboss.resteasy.core.providerfactory.ResteasyProviderFactoryImpl.registerProvider RESTEASY002155: Provider class org.jboss.resteasy.plugins.providers.FileProvider is already registered.  2nd registration is being ignored.
07-Feb-2025 20:28:36.210 WARN [main] org.jboss.resteasy.core.providerfactory.ResteasyProviderFactoryImpl.registerProvider RESTEASY002155: Provider class org.jboss.resteasy.plugins.providers.DefaultTextPlain is already registered.  2nd registration is being ignored.
07-Feb-2025 20:28:36.210 WARN [main] org.jboss.resteasy.core.providerfactory.ResteasyProviderFactoryImpl.registerProvider RESTEASY002155: Provider class org.jboss.resteasy.plugins.providers.StringTextStar is already registered.  2nd registration is being ignored.
07-Feb-2025 20:28:36.211 WARN [main] org.jboss.resteasy.core.providerfactory.ResteasyProviderFactoryImpl.registerProvider RESTEASY002155: Provider class org.jboss.resteasy.plugins.providers.IIOImageProvider is already registered.  2nd registration is being ignored.
07-Feb-2025 20:28:36.211 WARN [main] org.jboss.resteasy.core.providerfactory.ResteasyProviderFactoryImpl.registerProvider RESTEASY002155: Provider class org.jboss.resteasy.plugins.providers.SourceProvider is already registered.  2nd registration is being ignored.
07-Feb-2025 20:28:36.211 WARN [main] org.jboss.resteasy.core.providerfactory.ResteasyProviderFactoryImpl.registerProvider RESTEASY002155: Provider class org.jboss.resteasy.plugins.providers.DefaultBooleanWriter is already registered.  2nd registration is being ignored.
07-Feb-2025 20:28:36.211 WARN [main] org.jboss.resteasy.core.providerfactory.ResteasyProviderFactoryImpl.registerProvider RESTEASY002155: Provider class org.jboss.resteasy.plugins.providers.StreamingOutputProvider is already registered.  2nd registration is being ignored.
07-Feb-2025 20:28:36.211 WARN [main] org.jboss.resteasy.core.providerfactory.ResteasyProviderFactoryImpl.registerProvider RESTEASY002155: Provider class org.jboss.resteasy.plugins.providers.DataSourceProvider is already registered.  2nd registration is being ignored.
07-Feb-2025 20:28:36.211 WARN [main] org.jboss.resteasy.core.providerfactory.ResteasyProviderFactoryImpl.registerProvider RESTEASY002155: Provider class org.jboss.resteasy.plugins.providers.AsyncStreamingOutputProvider is already registered.  2nd registration is being ignored.
07-Feb-2025 20:28:36.212 WARN [main] org.jboss.resteasy.core.providerfactory.ResteasyProviderFactoryImpl.registerProvider RESTEASY002155: Provider class org.jboss.resteasy.plugins.providers.DefaultNumberWriter is already registered.  2nd registration is being ignored.
07-Feb-2025 20:28:36.212 WARN [main] org.jboss.resteasy.core.providerfactory.ResteasyProviderFactoryImpl.registerProvider RESTEASY002155: Provider class org.jboss.resteasy.plugins.providers.MultiValuedParamConverterProvider is already registered.  2nd registration is being ignored.
07-Feb-2025 20:28:36.241 INFO [main] org.apache.catalina.startup.HostConfig.deployDescriptor Deployment of deployment descriptor [/Users/sriman/scratch/labs/spring/202407/webmvc/conf/Catalina/localhost/resource-injection.xml] has finished in [360] ms
07-Feb-2025 20:28:36.241 INFO [main] org.apache.catalina.startup.HostConfig.deployDescriptor Deploying deployment descriptor [/Users/sriman/scratch/labs/spring/202407/webmvc/conf/Catalina/localhost/wwabstract.xml]
07-Feb-2025 20:28:36.648 INFO [main] org.apache.jasper.servlet.TldScanner.scanJars At least one JAR was scanned for TLDs yet contained no TLDs. Enable debug logging for this logger for a complete list of JARs that were scanned but no TLDs were found in them. Skipping unneeded JARs during scanning can improve startup time and JSP compilation time.
07-Feb-2025 20:28:37.104 INFO [main] org.apache.catalina.startup.HostConfig.deployDescriptor Deployment of deployment descriptor [/Users/sriman/scratch/labs/spring/202407/webmvc/conf/Catalina/localhost/wwabstract.xml] has finished in [863] ms
07-Feb-2025 20:28:37.104 INFO [main] org.apache.catalina.startup.HostConfig.deployDescriptor Deploying deployment descriptor [/Users/sriman/scratch/labs/spring/202407/webmvc/conf/Catalina/localhost/ecommerce.xml]
07-Feb-2025 20:28:37.366 INFO [main] org.apache.jasper.servlet.TldScanner.scanJars At least one JAR was scanned for TLDs yet contained no TLDs. Enable debug logging for this logger for a complete list of JARs that were scanned but no TLDs were found in them. Skipping unneeded JARs during scanning can improve startup time and JSP compilation time.
07-Feb-2025 20:28:37.541 WARNING [main] org.glassfish.jersey.message.internal.MessagingBinders$EnabledProvidersBinder.bindToBinder A class jakarta.activation.DataSource for a default provider MessageBodyWriter<jakarta.activation.DataSource> was not found. The provider is not available.
07-Feb-2025 20:28:37.550 WARNING [main] org.glassfish.jersey.server.wadl.WadlFeature.configure JAX-B API not found . WADL feature is disabled.
07-Feb-2025 20:28:37.665 INFO [main] org.apache.catalina.startup.HostConfig.deployDescriptor Deployment of deployment descriptor [/Users/sriman/scratch/labs/spring/202407/webmvc/conf/Catalina/localhost/ecommerce.xml] has finished in [561] ms
07-Feb-2025 20:28:37.665 INFO [main] org.apache.catalina.startup.HostConfig.deployDescriptor Deploying deployment descriptor [/Users/sriman/scratch/labs/spring/202407/webmvc/conf/Catalina/localhost/firstmvcweb.xml]
07-Feb-2025 20:28:38.054 INFO [main] org.apache.jasper.servlet.TldScanner.scanJars At least one JAR was scanned for TLDs yet contained no TLDs. Enable debug logging for this logger for a complete list of JARs that were scanned but no TLDs were found in them. Skipping unneeded JARs during scanning can improve startup time and JSP compilation time.
07-Feb-2025 20:28:38.065 INFO [main] org.springframework.web.servlet.FrameworkServlet.initServletBean Initializing Servlet 'dispatcher'
07-Feb-2025 20:28:38.315 INFO [main] org.springframework.web.servlet.FrameworkServlet.initServletBean Completed initialization in 249 ms
07-Feb-2025 20:28:38.315 INFO [main] org.apache.catalina.startup.HostConfig.deployDescriptor Deployment of deployment descriptor [/Users/sriman/scratch/labs/spring/202407/webmvc/conf/Catalina/localhost/firstmvcweb.xml] has finished in [650] ms
07-Feb-2025 20:28:38.315 INFO [main] org.apache.catalina.startup.HostConfig.deployDescriptor Deploying deployment descriptor [/Users/sriman/scratch/labs/spring/202407/webmvc/conf/Catalina/localhost/cache.xml]
07-Feb-2025 20:28:38.718 INFO [main] org.apache.jasper.servlet.TldScanner.scanJars At least one JAR was scanned for TLDs yet contained no TLDs. Enable debug logging for this logger for a complete list of JARs that were scanned but no TLDs were found in them. Skipping unneeded JARs during scanning can improve startup time and JSP compilation time.
07-Feb-2025 20:28:38.927 WARNING [main] org.glassfish.jersey.server.wadl.WadlFeature.configure JAXBContext implementation could not be found. WADL feature is disabled.
07-Feb-2025 20:28:39.199 INFO [main] org.apache.catalina.startup.HostConfig.deployDescriptor Deployment of deployment descriptor [/Users/sriman/scratch/labs/spring/202407/webmvc/conf/Catalina/localhost/cache.xml] has finished in [884] ms
07-Feb-2025 20:28:39.199 INFO [main] org.apache.catalina.startup.HostConfig.deployDescriptor Deploying deployment descriptor [/Users/sriman/scratch/labs/spring/202407/webmvc/conf/Catalina/localhost/railyatrajsb.xml]
07-Feb-2025 20:28:39.569 INFO [main] org.apache.jasper.servlet.TldScanner.scanJars At least one JAR was scanned for TLDs yet contained no TLDs. Enable debug logging for this logger for a complete list of JARs that were scanned but no TLDs were found in them. Skipping unneeded JARs during scanning can improve startup time and JSP compilation time.
07-Feb-2025 20:28:39.742 WARNING [main] org.glassfish.jersey.message.internal.MessagingBinders$EnabledProvidersBinder.bindToBinder A class jakarta.activation.DataSource for a default provider MessageBodyWriter<jakarta.activation.DataSource> was not found. The provider is not available.
07-Feb-2025 20:28:39.753 WARNING [main] org.glassfish.jersey.server.wadl.WadlFeature.configure JAX-B API not found . WADL feature is disabled.
07-Feb-2025 20:28:39.803 WARNING [main] org.glassfish.jersey.internal.inject.Providers.checkProviderRuntime A provider com.railyatra.resources.train.RailEnquiryResource registered in SERVER runtime does not implement any provider interfaces applicable in the SERVER runtime. Due to constraint configuration problems the provider com.railyatra.resources.train.RailEnquiryResource will be ignored. 
07-Feb-2025 20:28:39.864 INFO [main] org.apache.catalina.startup.HostConfig.deployDescriptor Deployment of deployment descriptor [/Users/sriman/scratch/labs/spring/202407/webmvc/conf/Catalina/localhost/railyatrajsb.xml] has finished in [665] ms
07-Feb-2025 20:28:39.864 INFO [main] org.apache.catalina.startup.HostConfig.deployDescriptor Deploying deployment descriptor [/Users/sriman/scratch/labs/spring/202407/webmvc/conf/Catalina/localhost/pathparam.xml]
07-Feb-2025 20:28:40.236 INFO [main] org.apache.jasper.servlet.TldScanner.scanJars At least one JAR was scanned for TLDs yet contained no TLDs. Enable debug logging for this logger for a complete list of JARs that were scanned but no TLDs were found in them. Skipping unneeded JARs during scanning can improve startup time and JSP compilation time.
07-Feb-2025 20:28:40.404 WARNING [main] org.glassfish.jersey.message.internal.MessagingBinders$EnabledProvidersBinder.bindToBinder A class jakarta.activation.DataSource for a default provider MessageBodyWriter<jakarta.activation.DataSource> was not found. The provider is not available.
07-Feb-2025 20:28:40.413 WARNING [main] org.glassfish.jersey.server.wadl.WadlFeature.configure JAX-B API not found . WADL feature is disabled.
07-Feb-2025 20:28:40.542 INFO [main] org.apache.catalina.startup.HostConfig.deployDescriptor Deployment of deployment descriptor [/Users/sriman/scratch/labs/spring/202407/webmvc/conf/Catalina/localhost/pathparam.xml] has finished in [677] ms
07-Feb-2025 20:28:40.542 INFO [main] org.apache.catalina.startup.HostConfig.deployDescriptor Deploying deployment descriptor [/Users/sriman/scratch/labs/spring/202407/webmvc/conf/Catalina/localhost/wwinterfaces.xml]
07-Feb-2025 20:28:40.919 INFO [main] org.apache.jasper.servlet.TldScanner.scanJars At least one JAR was scanned for TLDs yet contained no TLDs. Enable debug logging for this logger for a complete list of JARs that were scanned but no TLDs were found in them. Skipping unneeded JARs during scanning can improve startup time and JSP compilation time.
07-Feb-2025 20:28:41.092 WARNING [main] org.glassfish.jersey.message.internal.MessagingBinders$EnabledProvidersBinder.bindToBinder A class jakarta.activation.DataSource for a default provider MessageBodyWriter<jakarta.activation.DataSource> was not found. The provider is not available.
07-Feb-2025 20:28:41.099 WARNING [main] org.glassfish.jersey.server.wadl.WadlFeature.configure JAX-B API not found . WADL feature is disabled.
07-Feb-2025 20:28:41.207 INFO [main] org.apache.catalina.startup.HostConfig.deployDescriptor Deployment of deployment descriptor [/Users/sriman/scratch/labs/spring/202407/webmvc/conf/Catalina/localhost/wwinterfaces.xml] has finished in [665] ms
07-Feb-2025 20:28:41.207 INFO [main] org.apache.catalina.startup.HostConfig.deployDescriptor Deploying deployment descriptor [/Users/sriman/scratch/labs/spring/202407/webmvc/conf/Catalina/localhost/subresourcemethod.xml]
07-Feb-2025 20:28:41.581 INFO [main] org.apache.jasper.servlet.TldScanner.scanJars At least one JAR was scanned for TLDs yet contained no TLDs. Enable debug logging for this logger for a complete list of JARs that were scanned but no TLDs were found in them. Skipping unneeded JARs during scanning can improve startup time and JSP compilation time.
07-Feb-2025 20:28:41.752 WARNING [main] org.glassfish.jersey.message.internal.MessagingBinders$EnabledProvidersBinder.bindToBinder A class jakarta.activation.DataSource for a default provider MessageBodyWriter<jakarta.activation.DataSource> was not found. The provider is not available.
07-Feb-2025 20:28:41.761 WARNING [main] org.glassfish.jersey.server.wadl.WadlFeature.configure JAX-B API not found . WADL feature is disabled.
07-Feb-2025 20:28:41.883 INFO [main] org.apache.catalina.startup.HostConfig.deployDescriptor Deployment of deployment descriptor [/Users/sriman/scratch/labs/spring/202407/webmvc/conf/Catalina/localhost/subresourcemethod.xml] has finished in [676] ms
07-Feb-2025 20:28:41.883 INFO [main] org.apache.catalina.startup.HostConfig.deployDescriptor Deploying deployment descriptor [/Users/sriman/scratch/labs/spring/202407/webmvc/conf/Catalina/localhost/subresourcelocator.xml]
07-Feb-2025 20:28:42.273 INFO [main] org.apache.jasper.servlet.TldScanner.scanJars At least one JAR was scanned for TLDs yet contained no TLDs. Enable debug logging for this logger for a complete list of JARs that were scanned but no TLDs were found in them. Skipping unneeded JARs during scanning can improve startup time and JSP compilation time.
07-Feb-2025 20:28:42.696 INFO [main] org.apache.catalina.startup.HostConfig.deployDescriptor Deployment of deployment descriptor [/Users/sriman/scratch/labs/spring/202407/webmvc/conf/Catalina/localhost/subresourcelocator.xml] has finished in [813] ms
07-Feb-2025 20:28:42.696 INFO [main] org.apache.catalina.startup.HostConfig.deployDescriptor Deploying deployment descriptor [/Users/sriman/scratch/labs/spring/202407/webmvc/conf/Catalina/localhost/paytm.xml]
07-Feb-2025 20:28:42.874 INFO [main] org.apache.jasper.servlet.TldScanner.scanJars At least one JAR was scanned for TLDs yet contained no TLDs. Enable debug logging for this logger for a complete list of JARs that were scanned but no TLDs were found in them. Skipping unneeded JARs during scanning can improve startup time and JSP compilation time.
07-Feb-2025 20:28:43.044 WARNING [main] org.glassfish.jersey.message.internal.MessagingBinders$EnabledProvidersBinder.bindToBinder A class jakarta.activation.DataSource for a default provider MessageBodyWriter<jakarta.activation.DataSource> was not found. The provider is not available.
07-Feb-2025 20:28:43.054 WARNING [main] org.glassfish.jersey.server.wadl.WadlFeature.configure JAX-B API not found . WADL feature is disabled.
07-Feb-2025 20:28:43.157 INFO [main] org.apache.catalina.startup.HostConfig.deployDescriptor Deployment of deployment descriptor [/Users/sriman/scratch/labs/spring/202407/webmvc/conf/Catalina/localhost/paytm.xml] has finished in [461] ms
07-Feb-2025 20:28:43.157 INFO [main] org.apache.catalina.startup.HostConfig.deployDescriptor Deploying deployment descriptor [/Users/sriman/scratch/labs/spring/202407/webmvc/conf/Catalina/localhost/customcontenthandlers.xml]
07-Feb-2025 20:28:43.577 INFO [main] org.apache.jasper.servlet.TldScanner.scanJars At least one JAR was scanned for TLDs yet contained no TLDs. Enable debug logging for this logger for a complete list of JARs that were scanned but no TLDs were found in them. Skipping unneeded JARs during scanning can improve startup time and JSP compilation time.
07-Feb-2025 20:28:44.010 INFO [main] org.apache.catalina.startup.HostConfig.deployDescriptor Deployment of deployment descriptor [/Users/sriman/scratch/labs/spring/202407/webmvc/conf/Catalina/localhost/customcontenthandlers.xml] has finished in [853] ms
07-Feb-2025 20:28:44.014 INFO [main] org.apache.coyote.AbstractProtocol.start Starting ProtocolHandler ["http-nio-8080"]
07-Feb-2025 20:28:44.021 INFO [main] org.apache.catalina.startup.Catalina.start Server startup in [9721] milliseconds
07-Feb-2025 20:30:05.724 INFO [Thread-1] org.apache.coyote.AbstractProtocol.pause Pausing ProtocolHandler ["http-nio-8080"]
07-Feb-2025 20:30:05.729 INFO [Thread-1] org.apache.catalina.core.StandardService.stopInternal Stopping service [Catalina]
07-Feb-2025 20:30:05.775 INFO [Thread-1] org.apache.coyote.AbstractProtocol.stop Stopping ProtocolHandler ["http-nio-8080"]
07-Feb-2025 20:30:05.779 INFO [Thread-1] org.apache.coyote.AbstractProtocol.destroy Destroying ProtocolHandler ["http-nio-8080"]
